<?xml version="1.0" encoding="UTF-8"?>
<!-- Generated by org.testng.reporters.JUnitReportReporter -->
<testsuite hostname="ASUS" failures="0" tests="2" name="testngpkg.Crossbrowser" time="17.828" errors="0" timestamp="2024-09-10T11:43:58 IST" skipped="0">
  <testcase classname="testngpkg.Crossbrowser" name="test" time="8.519"/>
  <system-out/>
  <testcase classname="testngpkg.Crossbrowser" name="test" time="9.309"/>
  <system-out/>
</testsuite> <!-- testngpkg.Crossbrowser -->
