<?xml version="1.0" encoding="UTF-8"?>
<!-- Generated by org.testng.reporters.JUnitReportReporter -->
<testsuite hostname="ASUS" failures="0" tests="3" name="testngpkg.Redifftask" time="0.074" errors="0" timestamp="2024-09-06T13:02:26 IST" skipped="0">
  <testcase classname="testngpkg.Redifftask" name="radiobutton" time="0.020"/>
  <system-out/>
  <testcase classname="testngpkg.Redifftask" name="button" time="0.029"/>
  <system-out/>
  <testcase classname="testngpkg.Redifftask" name="logo" time="0.025"/>
  <system-out/>
</testsuite> <!-- testngpkg.Redifftask -->
