<?xml version="1.0" encoding="UTF-8"?>
<!-- Generated by org.testng.reporters.JUnitReportReporter -->
<testsuite hostname="ASUS" failures="0" tests="1" name="testngpkg.Draganddrop" time="1.124" errors="0" timestamp="2024-09-10T12:41:02 IST" skipped="0">
  <testcase classname="testngpkg.Draganddrop" name="test" time="1.124"/>
  <system-out/>
</testsuite> <!-- testngpkg.Draganddrop -->
