<?xml version="1.0" encoding="UTF-8"?>
<!-- Generated by org.testng.reporters.JUnitReportReporter -->
<testsuite hostname="ASUS" failures="0" tests="1" name="testngpkg.Dropdowntext" time="1.711" errors="0" timestamp="2024-09-18T13:11:30 IST" skipped="0">
  <testcase classname="testngpkg.Dropdowntext" name="test" time="1.711"/>
  <system-out/>
</testsuite> <!-- testngpkg.Dropdowntext -->
