<?xml version="1.0" encoding="UTF-8"?>
<!-- Generated by org.testng.reporters.JUnitReportReporter -->
<testsuite hostname="ASUS" failures="0" tests="1" name="testngpkg.Facebook" time="0.178" errors="0" timestamp="2024-09-06T12:17:28 IST" skipped="0">
  <testcase classname="testngpkg.Facebook" name="login" time="0.178"/>
  <system-out/>
</testsuite> <!-- testngpkg.Facebook -->
