<?xml version="1.0" encoding="UTF-8"?>
<!-- Generated by org.testng.reporters.JUnitReportReporter -->
<testsuite hostname="ASUS" failures="0" tests="1" name="testngpkg.Amazonwindowhandlingtask" time="2.814" errors="0" timestamp="2024-09-24T12:21:37 IST" skipped="0">
  <testcase classname="testngpkg.Amazonwindowhandlingtask" name="test" time="2.814"/>
  <system-out/>
</testsuite> <!-- testngpkg.Amazonwindowhandlingtask -->
