<?xml version="1.0" encoding="UTF-8"?>
<!-- Generated by org.testng.reporters.JUnitReportReporter -->
<testsuite hostname="ASUS" failures="0" tests="1" name="testngpkg.Buttontextrediff" time="0.035" errors="0" timestamp="2024-09-23T12:29:04 IST" skipped="0">
  <testcase classname="testngpkg.Buttontextrediff" name="test" time="0.035"/>
  <system-out/>
</testsuite> <!-- testngpkg.Buttontextrediff -->
