<?xml version="1.0" encoding="UTF-8"?>
<!-- Generated by org.testng.reporters.JUnitReportReporter -->
<testsuite hostname="ASUS" failures="0" tests="1" name="testngpkg.Fileuploadrobot" time="3.181" errors="0" timestamp="2024-09-28T15:54:27 IST" skipped="0">
  <testcase classname="testngpkg.Fileuploadrobot" name="test" time="3.181"/>
  <system-out/>
</testsuite> <!-- testngpkg.Fileuploadrobot -->
