<?xml version="1.0" encoding="UTF-8"?>
<!-- Generated by org.testng.reporters.JUnitReportReporter -->
<testsuite hostname="ASUS" failures="0" tests="1" name="testngpkg.Windowhandler" time="10.753" errors="0" timestamp="2024-09-24T11:38:42 IST" skipped="0">
  <testcase classname="testngpkg.Windowhandler" name="test" time="10.753"/>
  <system-out/>
</testsuite> <!-- testngpkg.Windowhandler -->
