<?xml version="1.0" encoding="UTF-8"?>
<!-- Generated by org.testng.reporters.JUnitReportReporter -->
<testsuite hostname="ASUS" failures="0" tests="1" name="testngpkg.Fblogintest" time="5.911" errors="0" timestamp="2024-09-11T12:07:46 IST" skipped="0">
  <testcase classname="testngpkg.Fblogintest" name="test" time="5.911"/>
  <system-out/>
</testsuite> <!-- testngpkg.Fblogintest -->
