<?xml version="1.0" encoding="UTF-8"?>
<!-- Generated by org.testng.reporters.JUnitReportReporter -->
<testsuite hostname="ASUS" failures="0" tests="1" name="testngpkg.Fileupload" time="0.136" errors="0" timestamp="2024-09-28T15:17:52 IST" skipped="0">
  <testcase classname="testngpkg.Fileupload" name="fileupload" time="0.136"/>
  <system-out/>
</testsuite> <!-- testngpkg.Fileupload -->
