<?xml version="1.0" encoding="UTF-8"?>
<!-- Generated by org.testng.reporters.JUnitReportReporter -->
<testsuite hostname="ASUS" failures="0" tests="1" name="testngpkg.Guru99task" time="0.469" errors="0" timestamp="2024-09-09T12:12:33 IST" skipped="0">
  <testcase classname="testngpkg.Guru99task" name="test" time="0.469"/>
  <system-out/>
</testsuite> <!-- testngpkg.Guru99task -->
