<?xml version="1.0" encoding="UTF-8"?>
<!-- Generated by org.testng.reporters.JUnitReportReporter -->
<testsuite hostname="ASUS" failures="0" tests="1" name="testngpkg.Copypaste" time="0.478" errors="0" timestamp="2024-09-09T11:35:50 IST" skipped="0">
  <testcase classname="testngpkg.Copypaste" name="test" time="0.478"/>
  <system-out/>
</testsuite> <!-- testngpkg.Copypaste -->
