<?xml version="1.0" encoding="UTF-8"?>
<!-- Generated by org.testng.reporters.JUnitReportReporter -->
<testsuite hostname="ASUS" failures="0" tests="5" name="testngpkg.Testngdemo" time="0.035" errors="0" timestamp="2024-09-05T12:50:21 IST" skipped="0">
  <testcase classname="testngpkg.Testngdemo" name="test1" time="0.001"/>
  <system-out/>
  <testcase classname="testngpkg.Testngdemo" name="test1" time="0.028"/>
  <system-out/>
  <testcase classname="testngpkg.Testngdemo" name="test1" time="0.002"/>
  <system-out/>
  <testcase classname="testngpkg.Testngdemo" name="test1" time="0.003"/>
  <system-out/>
  <testcase classname="testngpkg.Testngdemo" name="test2" time="0.001"/>
  <system-out/>
</testsuite> <!-- testngpkg.Testngdemo -->
