<?xml version="1.0" encoding="UTF-8"?>
<!-- Generated by org.testng.reporters.JUnitReportReporter -->
<testsuite hostname="ASUS" failures="0" tests="1" name="teskpkg.Fblogintest" time="0.448" errors="0" timestamp="2024-09-25T12:16:00 IST" skipped="0">
  <testcase classname="teskpkg.Fblogintest" name="test1" time="0.448"/>
  <system-out/>
</testsuite> <!-- teskpkg.Fblogintest -->
